Using pre-set license
Built from 'tuanjie/1.8/staging' branch; Version is '2022.3.62t3 (ae9db220f21b) revision 11443634'; Using compiler version '192829333'; Build Type 'Release'
OS: 'Windows 11  (10.0.26200) 64bit Professional' Language: 'zh' Physical Memory: 32540 MB
BatchMode: 1, IsHumanControllingUs: 0, StartBugReporterOnCrash: 0, Is64bit: 1, IsPro: 1

COMMAND LINE ARGUMENTS:
D:\ProgramFiles\Unity_TuanJie\Editor\2022.3.62t3\Editor\Tuanjie.exe
-adb2
-batchMode
-noUpm
-disableFMOD
-name
AssetImportWorker2
-projectPath
D:/Me/MyProject/UnityFramework
-logFile
Logs/AssetImportWorker2.log
-srvPort
61644
Successfully changed project path to: D:/Me/MyProject/UnityFramework
D:/Me/MyProject/UnityFramework
[Memory] Configuration Parameters - Can be set up in boot.config
    "memorysetup-bucket-allocator-granularity=16"
    "memorysetup-bucket-allocator-bucket-count=8"
    "memorysetup-bucket-allocator-block-size=33554432"
    "memorysetup-bucket-allocator-block-count=8"
    "memorysetup-main-allocator-block-size=16777216"
    "memorysetup-thread-allocator-block-size=16777216"
    "memorysetup-gfx-main-allocator-block-size=16777216"
    "memorysetup-gfx-thread-allocator-block-size=16777216"
    "memorysetup-cache-allocator-block-size=4194304"
    "memorysetup-typetree-allocator-block-size=2097152"
    "memorysetup-profiler-bucket-allocator-granularity=16"
    "memorysetup-profiler-bucket-allocator-bucket-count=8"
    "memorysetup-profiler-bucket-allocator-block-size=33554432"
    "memorysetup-profiler-bucket-allocator-block-count=8"
    "memorysetup-profiler-allocator-block-size=16777216"
    "memorysetup-profiler-editor-allocator-block-size=1048576"
    "memorysetup-temp-allocator-size-main=16777216"
    "memorysetup-job-temp-allocator-block-size=2097152"
    "memorysetup-job-temp-allocator-block-size-background=1048576"
    "memorysetup-job-temp-allocator-reduction-small-platforms=262144"
    "memorysetup-allocator-temp-initial-block-size-main=262144"
    "memorysetup-allocator-temp-initial-block-size-worker=262144"
    "memorysetup-temp-allocator-size-background-worker=32768"
    "memorysetup-temp-allocator-size-job-worker=262144"
    "memorysetup-temp-allocator-size-preload-manager=33554432"
    "memorysetup-temp-allocator-size-nav-mesh-worker=65536"
    "memorysetup-temp-allocator-size-audio-worker=65536"
    "memorysetup-temp-allocator-size-cloud-worker=32768"
    "memorysetup-temp-allocator-size-gi-baking-worker=262144"
    "memorysetup-temp-allocator-size-gfx=262144"
Player connection [45664]  Target information:

Player connection [45664]  * "[IP] 192.168.0.188 [Port] 0 [Flags] 2 [Guid] 218433254 [EditorId] 218433254 [Version] 1048832 [Id] WindowsEditor(7,zhangsong) [Debug] 1 [PackageName] WindowsEditor [ProjectName] Editor" 

Player connection [45664] Host joined multi-casting on [225.0.0.222:54997]...
Player connection [45664] Host joined alternative multi-casting on [225.0.0.222:34997]...
Input System module state changed to: Initialized.
AS: AutoStreaming module initializing.
[LiveLink] LiveLink library is loaded successfully. Initializing...
InitScreenManager.Setting multithreaded rendering option only supported for iOS, tvOS and Android platforms, Samsung TV provided
Multithreaded rendering setting removed for platform Samsung TV
Refreshing native plugins compatible for Editor in 75.62 ms, found 2 plugins.
Preloading 0 native plugins for Editor in 0.00 ms.
Initialize engine version: 2022.3.62t3 (ae9db220f21b)
[Subsystems] Discovering subsystems at path D:/ProgramFiles/Unity_TuanJie/Editor/2022.3.62t3/Editor/Data/Resources/UnitySubsystems
[Subsystems] Discovering subsystems at path D:/Me/MyProject/UnityFramework/Assets
GfxDevice: creating device client; threaded=0; jobified=0
Direct3D:
    Version:  Direct3D 11.0 [level 11.1]
    Renderer: Intel(R) UHD Graphics (ID=0x46a3)
    Vendor:   Intel
    VRAM:     16270 MB
    Driver:   30.0.101.3111
Initialize mono
Mono path[0] = 'D:/ProgramFiles/Unity_TuanJie/Editor/2022.3.62t3/Editor/Data/Managed'
Mono path[1] = 'D:/ProgramFiles/Unity_TuanJie/Editor/2022.3.62t3/Editor/Data/MonoBleedingEdge/lib/mono/unityjit-win32'
Mono config path = 'D:/ProgramFiles/Unity_TuanJie/Editor/2022.3.62t3/Editor/Data/MonoBleedingEdge/etc'
Using monoOptions --debugger-agent=transport=dt_socket,embedding=1,server=y,suspend=n,address=0.0.0.0:56828
Begin MonoManager ReloadAssembly
Registering precompiled tuanjie dll's ...
Register platform support module: D:/ProgramFiles/Unity_TuanJie/Editor/2022.3.62t3/Editor/Data/PlaybackEngines/WebGLSupport/UnityEditor.WebGL.Extensions.dll
Register platform support module: D:/ProgramFiles/Unity_TuanJie/Editor/2022.3.62t3/Editor/Data/PlaybackEngines/WindowsStandaloneSupport/UnityEditor.WindowsStandalone.Extensions.dll
Registered in 0.026617 seconds.
- Loaded All Assemblies, in  1.753 seconds
Native extension for WindowsStandalone target not found
Native extension for WebGL target not found
Mono: successfully reloaded assembly
- Finished resetting the current domain, in  1.314 seconds
Domain Reload Profiling: 3067ms
	BeginReloadAssembly (585ms)
		ExecutionOrderSort (0ms)
		DisableScriptedObjects (0ms)
		BackupInstance (0ms)
		ReleaseScriptingObjects (0ms)
		CreateAndSetChildDomain (4ms)
	RebuildCommonClasses (151ms)
	RebuildNativeTypeToScriptingClass (63ms)
	initialDomainReloadingComplete (227ms)
	LoadAllAssembliesAndSetupDomain (725ms)
		LoadAssemblies (583ms)
		RebuildTransferFunctionScriptingTraits (0ms)
		AnalyzeDomain (715ms)
			TypeCache.Refresh (709ms)
				TypeCache.ScanAssembly (664ms)
			ScanForSourceGeneratedMonoScriptInfo (2ms)
			ResolveRequiredComponents (2ms)
	FinalizeReload (1316ms)
		ReleaseScriptCaches (0ms)
		RebuildScriptCaches (0ms)
		SetupLoadedEditorAssemblies (1089ms)
			LogAssemblyErrors (0ms)
			InitializePlatformSupportModulesInManaged (50ms)
			SetLoadedEditorAssemblies (30ms)
			RefreshPlugins (0ms)
			BeforeProcessingInitializeOnLoad (13ms)
			ProcessInitializeOnLoadAttributes (890ms)
			ProcessInitializeOnLoadMethodAttributes (107ms)
			AfterProcessingInitializeOnLoad (0ms)
			EditorAssembliesLoaded (0ms)
		ExecutionOrderSort2 (0ms)
		AwakeInstancesAfterBackupRestoration (0ms)
========================================================================
Worker process is ready to serve import requests
Caller must complete domain reload
Begin MonoManager ReloadAssembly
Symbol file LoadedFromMemory is not a mono symbol file
- Loaded All Assemblies, in  2.803 seconds
Native extension for WindowsStandalone target not found
Native extension for WebGL target not found
Package Manager log level set to [2]
[Package Manager] Server::EnsureServerProcessIsRunning -- launch failed, reason: Unity was launched with the -noUpm command-line argument
[Package Manager] UpmClient::Send -- Unable to send message (not connected to UPM process).
[Package Manager] Cannot connect to Unity Package Manager local server
Mono: successfully reloaded assembly
- Finished resetting the current domain, in  3.789 seconds
Domain Reload Profiling: 6591ms
	BeginReloadAssembly (680ms)
		ExecutionOrderSort (0ms)
		DisableScriptedObjects (23ms)
		BackupInstance (0ms)
		ReleaseScriptingObjects (0ms)
		CreateAndSetChildDomain (91ms)
	RebuildCommonClasses (187ms)
	RebuildNativeTypeToScriptingClass (54ms)
	initialDomainReloadingComplete (164ms)
	LoadAllAssembliesAndSetupDomain (1713ms)
		LoadAssemblies (1464ms)
		RebuildTransferFunctionScriptingTraits (0ms)
		AnalyzeDomain (687ms)
			TypeCache.Refresh (568ms)
				TypeCache.ScanAssembly (496ms)
			ScanForSourceGeneratedMonoScriptInfo (93ms)
			ResolveRequiredComponents (19ms)
	FinalizeReload (3792ms)
		ReleaseScriptCaches (0ms)
		RebuildScriptCaches (0ms)
		SetupLoadedEditorAssemblies (3043ms)
			LogAssemblyErrors (0ms)
			InitializePlatformSupportModulesInManaged (29ms)
			SetLoadedEditorAssemblies (20ms)
			RefreshPlugins (0ms)
			BeforeProcessingInitializeOnLoad (276ms)
			ProcessInitializeOnLoadAttributes (1865ms)
			ProcessInitializeOnLoadMethodAttributes (841ms)
			AfterProcessingInitializeOnLoad (11ms)
			EditorAssembliesLoaded (1ms)
		ExecutionOrderSort2 (0ms)
		AwakeInstancesAfterBackupRestoration (37ms)
Setting multithreaded rendering option only supported for iOS, tvOS and Android platforms, Samsung TV provided
Multithreaded rendering setting removed for platform Samsung TV
Refreshing native plugins compatible for Editor in 15.86 ms, found 2 plugins.
Preloading 0 native plugins for Editor in 0.00 ms.
Unloading 2633 Unused Serialized files (Serialized files now loaded: 0)
Unloading 24 unused Assets / (54.3 KB). Loaded Objects now: 3128.
Memory consumption went from 97.8 MB to 97.8 MB.
Total: 28.153100 ms (FindLiveObjects: 0.444400 ms CreateObjectMapping: 0.195500 ms MarkObjects: 27.184200 ms  DeleteObjects: 0.324000 ms)

AssetImportParameters requested are different than current active one (requested -> active):
  custom:video-decoder-webm-vp8: 9c59270c3fd7afecdb556c50c9e8de78 -> 
  custom:SearchIndexIgnoredProperties: e643bd26f0fe6173181afceb89e7c659 -> 
  custom:container-demuxer-ogg: 62fdf1f143b41e24485cea50d1cbac27 -> 
  custom:AudioImporter_EditorPlatform: d09bf68614088b80899f8185d706f6e7 -> 
  custom:video-codec-MediaFoundation-h265: 746d11721c4dcdbdad8f713fa42b33f4 -> 
  custom:video-decoder-ogg-theora: a1e56fd34408186e4bbccfd4996cb3dc -> 
  custom:framework-win-MediaFoundation: 216162199b28c13a410421893ffa2e32 -> 
  custom:video-encoder-webm-vp8: eb34c28f22e8b96e1ab97ce403110664 -> 
  custom:audio-decoder-ogg-vorbis: bf7c407c2cedff20999df2af8eb42d56 -> 
  custom:CustomObjectIndexerAttribute: 299a746012abc5adb0180d4ccda8d3ad -> 
  custom:container-demuxer-webm: 4f35f7cbe854078d1ac9338744f61a02 -> 
  custom:audio-encoder-webm-vorbis: bf7c407c2cedff20999df2af8eb42d56 -> 
  custom:container-muxer-webm: aa71ff27fc2769a1b78a27578f13a17b -> 
========================================================================
Received Import Request.
  Time since last request: 278731.360038 seconds.
  path: Assets/ResourceABs/atlas/item/1016.png
  artifactKey: Guid(ee28f05a60fb8884c9b13c207d0d72e9) Importer(PreviewImporter)
Start importing Assets/ResourceABs/atlas/item/1016.png using Guid(ee28f05a60fb8884c9b13c207d0d72e9) Importer(PreviewImporter) Launched and connected shader compiler TuanjieShaderCompiler.exe after 0.28 seconds
 -> (artifact id: 'c1b0bce14c1dc6f16df0da0c8c9c414b') in 2.937863 seconds
Number of asset objects unloaded after import = 3
========================================================================
Received Import Request.
  Time since last request: 4.237486 seconds.
  path: Assets/ResourceABs/view/RoleSelectView.prefab
  artifactKey: Guid(17e25747d259dcf47abfb6e600e7ec59) Importer(PreviewImporter)
Start importing Assets/ResourceABs/view/RoleSelectView.prefab using Guid(17e25747d259dcf47abfb6e600e7ec59) Importer(PreviewImporter)  -> (artifact id: '898607c37b98279df47ce6f600f961c1') in 0.026340 seconds
Number of asset objects unloaded after import = 54
========================================================================
Received Import Request.
  Time since last request: 12.321964 seconds.
  path: Assets/ResourceABs/view/ShareView.prefab
  artifactKey: Guid(bbb7aee168f1eb345b5d88eb48862b2f) Importer(PreviewImporter)
Start importing Assets/ResourceABs/view/ShareView.prefab using Guid(bbb7aee168f1eb345b5d88eb48862b2f) Importer(PreviewImporter)  -> (artifact id: '9e5fed2c86fb01141ae5e12ec102c30a') in 0.012937 seconds
Number of asset objects unloaded after import = 126
========================================================================
Received Import Request.
  Time since last request: 0.881511 seconds.
  path: Assets/ResourceABs/view/SceneLoadingView.prefab
  artifactKey: Guid(48dd2eb55665de3498bc8074f395170b) Importer(PreviewImporter)
Start importing Assets/ResourceABs/view/SceneLoadingView.prefab using Guid(48dd2eb55665de3498bc8074f395170b) Importer(PreviewImporter)  -> (artifact id: 'bb462ecaa274bcbb60f15bfde427a0fa') in 0.019578 seconds
Number of asset objects unloaded after import = 541
========================================================================
Received Import Request.
  Time since last request: 0.488827 seconds.
  path: Assets/ResourceABs/view/SelectServerView.prefab
  artifactKey: Guid(1e868158d74311943a556404702bf5c7) Importer(PreviewImporter)
Start importing Assets/ResourceABs/view/SelectServerView.prefab using Guid(1e868158d74311943a556404702bf5c7) Importer(PreviewImporter)  -> (artifact id: 'c3ecdfdb93d4ee5c033af4f47e1a36b7') in 0.008372 seconds
Number of asset objects unloaded after import = 85
========================================================================
Received Import Request.
  Time since last request: 1.099341 seconds.
  path: Assets/ResourceABs/view/RoleCreateView.prefab
  artifactKey: Guid(f6369b3069a2ffa4cacfb2c57bddfc1d) Importer(PreviewImporter)
Start importing Assets/ResourceABs/view/RoleCreateView.prefab using Guid(f6369b3069a2ffa4cacfb2c57bddfc1d) Importer(PreviewImporter)  -> (artifact id: 'de3e067286a4c1da48f8d11f1bbc9e45') in 0.017122 seconds
Number of asset objects unloaded after import = 262
========================================================================
Received Import Request.
  Time since last request: 2.371024 seconds.
  path: Assets/ResourceABs/view/MainView.prefab
  artifactKey: Guid(51b787c62c53ecc448bb9acbc73c69f7) Importer(PreviewImporter)
Start importing Assets/ResourceABs/view/MainView.prefab using Guid(51b787c62c53ecc448bb9acbc73c69f7) Importer(PreviewImporter)  -> (artifact id: '1756e58beab6e2bef785ec03e7dac50c') in 0.003162 seconds
Number of asset objects unloaded after import = 55
========================================================================
Received Import Request.
  Time since last request: 5.840221 seconds.
  path: Assets/ResourceABs/view/StoreView.prefab
  artifactKey: Guid(26189d33e2147da4b8c33866faed5feb) Importer(PreviewImporter)
Start importing Assets/ResourceABs/view/StoreView.prefab using Guid(26189d33e2147da4b8c33866faed5feb) Importer(PreviewImporter)  -> (artifact id: '1c964c70d24817782c9c768fdff00605') in 0.012373 seconds
Number of asset objects unloaded after import = 497
========================================================================
Received Import Request.
  Time since last request: 0.401122 seconds.
  path: Assets/ResourceABs/view/WindowLoadingView.prefab
  artifactKey: Guid(430d817dcfb0b2344bdf1861be424a01) Importer(PreviewImporter)
Start importing Assets/ResourceABs/view/WindowLoadingView.prefab using Guid(430d817dcfb0b2344bdf1861be424a01) Importer(PreviewImporter)  -> (artifact id: '202d29ca831867015410903a681c505f') in 0.002823 seconds
Number of asset objects unloaded after import = 9
